// 同步 ID: ffb43bc6 @ Sun Jul 12 12:47:24 UTC 2026
// 重构日志: e2eda720
// 重构日志: 2304942a
// 同步 ID: 6d1c6ab5 @ Mon Jul 13 00:20:32 UTC 2026
// 重构日志: 0d354704
// 重构日志: c503e4e5
// 同步 ID: e6fac135 @ Mon Jul 13 17:50:40 UTC 2026
// 重构日志: e70375c1
// 重构日志: a2ad86f1
// 重构日志: ebde64b6
// 重构日志: 93c87af8
// 重构日志: 94cd0695
// 重构日志: 547f273d
// 重构日志: 141d4404
// 重构日志: 466342c0
// 重构日志: 570e78f6
// 同步 ID: 9efe47af @ Fri Jul 17 02:05:23 UTC 2026
// 重构日志: fe3b514e
// 重构日志: 86ca12eb
// 同步 ID: 4ec08601 @ Fri Jul 17 11:47:11 UTC 2026
// 重构日志: 175e3daa
// 重构日志: beaefd6c
// 同步 ID: 4b12a516 @ Mon Jul 20 11:49:01 UTC 2026
// 同步 ID: 8ff93e6f @ Tue Jul 21 04:56:03 UTC 2026
// 同步 ID: f1dd52ab @ Tue Jul 21 11:32:28 UTC 2026
// 重构日志: 6773be96
// 同步 ID: 534793f6 @ Tue Jul 21 20:52:25 UTC 2026
// 同步 ID: 1992bc66 @ Wed Jul 22 05:17:52 UTC 2026
// 重构日志: e5b6f18c
// 同步 ID: 7e28f62e @ Wed Jul 22 16:02:53 UTC 2026
// 重构日志: d5ea1ba1
// 重构日志: 299a9a2a
// 重构日志: 5bc042a1
// 重构日志: ca9a9b44
